INFO Thread-11 org.apache.hadoop.mapred.LocalJobRunner - Waiting for map tasks
INFO LocalJobRunner Map Task Executor #0 org.apache.hadoop.mapred.LocalJobRunner - Starting task: attempt_local1150291662_0001_m_000000_0
INFO LocalJobRunner Map Task Executor #0 org.apache.hadoop.mapred.Task -  Using ResourceCalculatorProcessTree : [ ]
INFO LocalJobRunner Map Task Executor #0 org.apache.hadoop.mapred.MapTask - Processing split: file:/home/lisheng/桌面/text.data:0+94
INFO LocalJobRunner Map Task Executor #0 org.apache.hadoop.mapred.MapTask - (EQUATOR) 0 kvi 26214396(104857584)
INFO LocalJobRunner Map Task Executor #0 org.apache.hadoop.mapred.MapTask - mapreduce.task.io.sort.mb: 100
INFO LocalJobRunner Map Task Executor #0 org.apache.hadoop.mapred.MapTask - soft limit at 83886080
INFO LocalJobRunner Map Task Executor #0 org.apache.hadoop.mapred.MapTask - bufstart = 0; bufvoid = 104857600
INFO LocalJobRunner Map Task Executor #0 org.apache.hadoop.mapred.MapTask - kvstart = 26214396; length = 6553600
INFO LocalJobRunner Map Task Executor #0 org.apache.hadoop.mapred.MapTask - Map output collector class = org.apache.hadoop.mapred.MapTask$MapOutputBuffer
INFO LocalJobRunner Map Task Executor #0 org.apache.hadoop.mapred.LocalJobRunner - 
INFO LocalJobRunner Map Task Executor #0 org.apache.hadoop.mapred.MapTask - Starting flush of map output
INFO LocalJobRunner Map Task Executor #0 org.apache.hadoop.mapred.MapTask - Spilling map output
INFO LocalJobRunner Map Task Executor #0 org.apache.hadoop.mapred.MapTask - bufstart = 0; bufend = 75; bufvoid = 104857600
INFO LocalJobRunner Map Task Executor #0 org.apache.hadoop.mapred.MapTask - kvstart = 26214396(104857584); kvend = 26214356(104857424); length = 41/6553600
INFO LocalJobRunner Map Task Executor #0 org.apache.hadoop.mapred.MapTask - Finished spill 0
INFO LocalJobRunner Map Task Executor #0 org.apache.hadoop.mapred.Task - Task:attempt_local1150291662_0001_m_000000_0 is done. And is in the process of committing
INFO LocalJobRunner Map Task Executor #0 org.apache.hadoop.mapred.LocalJobRunner - map
INFO LocalJobRunner Map Task Executor #0 org.apache.hadoop.mapred.Task - Task 'attempt_local1150291662_0001_m_000000_0' done.
INFO LocalJobRunner Map Task Executor #0 org.apache.hadoop.mapred.LocalJobRunner - Finishing task: attempt_local1150291662_0001_m_000000_0
INFO Thread-11 org.apache.hadoop.mapred.LocalJobRunner - map task executor complete.
INFO Thread-11 org.apache.hadoop.mapred.LocalJobRunner - Waiting for reduce tasks
INFO pool-3-thread-1 org.apache.hadoop.mapred.LocalJobRunner - Starting task: attempt_local1150291662_0001_r_000000_0
INFO pool-3-thread-1 org.apache.hadoop.mapred.Task -  Using ResourceCalculatorProcessTree : [ ]
INFO pool-3-thread-1 org.apache.hadoop.mapred.ReduceTask - Using ShuffleConsumerPlugin: org.apache.hadoop.mapreduce.task.reduce.Shuffle@564d76a6
INFO pool-3-thread-1 org.apache.hadoop.mapreduce.task.reduce.MergeManagerImpl - MergerManager: memoryLimit=1289276544, maxSingleShuffleLimit=322319136, mergeThreshold=850922560, ioSortFactor=10, memToMemMergeOutputsThreshold=10
INFO EventFetcher for fetching Map Completion Events org.apache.hadoop.mapreduce.task.reduce.EventFetcher - attempt_local1150291662_0001_r_000000_0 Thread started: EventFetcher for fetching Map Completion Events
INFO localfetcher#1 org.apache.hadoop.mapreduce.task.reduce.LocalFetcher - localfetcher#1 about to shuffle output of map attempt_local1150291662_0001_m_000000_0 decomp: 99 len: 103 to MEMORY
INFO localfetcher#1 org.apache.hadoop.mapreduce.task.reduce.InMemoryMapOutput - Read 99 bytes from map-output for attempt_local1150291662_0001_m_000000_0
INFO localfetcher#1 org.apache.hadoop.mapreduce.task.reduce.MergeManagerImpl - closeInMemoryFile -> map-output of size: 99, inMemoryMapOutputs.size() -> 1, commitMemory -> 0, usedMemory ->99
INFO EventFetcher for fetching Map Completion Events org.apache.hadoop.mapreduce.task.reduce.EventFetcher - EventFetcher is interrupted.. Returning
INFO pool-3-thread-1 org.apache.hadoop.mapred.LocalJobRunner - 1 / 1 copied.
INFO pool-3-thread-1 org.apache.hadoop.mapreduce.task.reduce.MergeManagerImpl - finalMerge called with 1 in-memory map-outputs and 0 on-disk map-outputs
INFO pool-3-thread-1 org.apache.hadoop.mapred.Merger - Merging 1 sorted segments
INFO pool-3-thread-1 org.apache.hadoop.mapred.Merger - Down to the last merge-pass, with 1 segments left of total size: 95 bytes
INFO pool-3-thread-1 org.apache.hadoop.mapreduce.task.reduce.MergeManagerImpl - Merged 1 segments, 99 bytes to disk to satisfy reduce memory limit
INFO pool-3-thread-1 org.apache.hadoop.mapreduce.task.reduce.MergeManagerImpl - Merging 1 files, 103 bytes from disk
INFO pool-3-thread-1 org.apache.hadoop.mapreduce.task.reduce.MergeManagerImpl - Merging 0 segments, 0 bytes from memory into reduce
INFO pool-3-thread-1 org.apache.hadoop.mapred.Merger - Merging 1 sorted segments
INFO pool-3-thread-1 org.apache.hadoop.mapred.Merger - Down to the last merge-pass, with 1 segments left of total size: 95 bytes
INFO pool-3-thread-1 org.apache.hadoop.mapred.LocalJobRunner - 1 / 1 copied.
INFO pool-3-thread-1 org.apache.hadoop.conf.Configuration.deprecation - mapred.skip.on is deprecated. Instead, use mapreduce.job.skiprecords
INFO pool-3-thread-1 org.apache.hadoop.mapred.Task - Task:attempt_local1150291662_0001_r_000000_0 is done. And is in the process of committing
INFO pool-3-thread-1 org.apache.hadoop.mapred.LocalJobRunner - 1 / 1 copied.
INFO pool-3-thread-1 org.apache.hadoop.mapred.Task - Task attempt_local1150291662_0001_r_000000_0 is allowed to commit now
INFO pool-3-thread-1 org.apache.hadoop.mapreduce.lib.output.FileOutputCommitter - Saved output of task 'attempt_local1150291662_0001_r_000000_0' to file:/home/lisheng/桌面/output/ouput3/_temporary/0/task_local1150291662_0001_r_000000
INFO pool-3-thread-1 org.apache.hadoop.mapred.LocalJobRunner - reduce > reduce
INFO pool-3-thread-1 org.apache.hadoop.mapred.Task - Task 'attempt_local1150291662_0001_r_000000_0' done.
INFO pool-3-thread-1 org.apache.hadoop.mapred.LocalJobRunner - Finishing task: attempt_local1150291662_0001_r_000000_0
INFO Thread-11 org.apache.hadoop.mapred.LocalJobRunner - reduce task executor complete.
INFO main org.apache.hadoop.mapreduce.Job - Job job_local1150291662_0001 running in uber mode : false
INFO main org.apache.hadoop.mapreduce.Job -  map 100% reduce 100%
INFO main org.apache.hadoop.mapreduce.Job - Job job_local1150291662_0001 completed successfully
INFO main org.apache.hadoop.mapreduce.Job - Counters: 33
	File System Counters
		FILE: Number of bytes read=734
		FILE: Number of bytes written=505200
		FILE: Number of read operations=0
		FILE: Number of large read operations=0
		FILE: Number of write operations=0
	Map-Reduce Framework
		Map input records=11
		Map output records=11
		Map output bytes=75
		Map output materialized bytes=103
		Input split bytes=100
		Combine input records=0
		Combine output records=0
		Reduce input groups=11
		Reduce shuffle bytes=103
		Reduce input records=11
		Reduce output records=0
		Spilled Records=22
		Shuffled Maps =1
		Failed Shuffles=0
		Merged Map outputs=1
		GC time elapsed (ms)=0
		CPU time spent (ms)=0
		Physical memory (bytes) snapshot=0
		Virtual memory (bytes) snapshot=0
		Total committed heap usage (bytes)=460324864
	Shuffle Errors
		BAD_ID=0
		CONNECTION=0
		IO_ERROR=0
		WRONG_LENGTH=0
		WRONG_MAP=0
		WRONG_REDUCE=0
	File Input Format Counters 
		Bytes Read=94
	File Output Format Counters 
		Bytes Written=8
